2025-10-31 19:11:49,420 - __main__ - INFO - ======================================================================
2025-10-31 19:11:49,420 - __main__ - INFO - STARTING PDF TEXT EXTRACTION PROCESS
2025-10-31 19:11:49,420 - __main__ - INFO - ======================================================================
2025-10-31 19:11:49,420 - __main__ - INFO - 
1. Setting up database connection...
2025-10-31 19:11:49,420 - __main__ - INFO - Connecting to database...
2025-10-31 19:11:49,449 - __main__ - INFO - ✓ Database connection successful
2025-10-31 19:11:49,449 - __main__ - INFO - Initializing database tables...
2025-10-31 19:11:49,455 - __main__ - INFO - ✓ Database tables initialized successfully
2025-10-31 19:11:49,455 - __main__ - INFO - 
2. Finding PDF files...
2025-10-31 19:11:49,455 - __main__ - INFO - Scanning for PDF files in: /home/gusrodgs/Gus/cienciaDeDados/phdMutley/pdfs/first_processing_batch
2025-10-31 19:11:49,456 - __main__ - INFO - Found 6 PDF files
2025-10-31 19:11:49,456 - __main__ - INFO - Found 6 PDF files to process
2025-10-31 19:11:49,456 - __main__ - INFO - 
3. Processing PDF files...
2025-10-31 19:11:49,474 - __main__ - ERROR - Error processing FRIENDS OF THE IRISH ENVIRONMENT CLG.pdf: (psycopg2.errors.UndefinedColumn) column documents.file_path does not exist
LINE 1: ...cuments.document_type AS documents_document_type, documents....
                                                             ^

[SQL: SELECT documents.document_id AS documents_document_id, documents.case_id AS documents_case_id, documents.document_type AS documents_document_type, documents.file_path AS documents_file_path, documents.file_hash AS documents_file_hash, documents.file_size_bytes AS documents_file_size_bytes, documents.page_count AS documents_page_count, documents.download_date AS documents_download_date, documents.download_success AS documents_download_success, documents.download_error AS documents_download_error, documents.source_url AS documents_source_url, documents.created_at AS documents_created_at, documents.updated_at AS documents_updated_at 
FROM documents 
WHERE documents.file_path = %(file_path_1)s 
 LIMIT %(param_1)s]
[parameters: {'file_path_1': '/home/gusrodgs/Gus/cienciaDeDados/phdMutley/pdfs/first_processing_batch/FRIENDS OF THE IRISH ENVIRONMENT CLG.pdf', 'param_1': 1}]
(Background on this error at: https://sqlalche.me/e/20/f405)
2025-10-31 19:11:49,476 - __main__ - ERROR - Error processing plan-b-earth-and-others-v-prime-minister_c6834502d9f262036de6b22123356f6e.pdf: (psycopg2.errors.UndefinedColumn) column documents.file_path does not exist
LINE 1: ...cuments.document_type AS documents_document_type, documents....
                                                             ^

[SQL: SELECT documents.document_id AS documents_document_id, documents.case_id AS documents_case_id, documents.document_type AS documents_document_type, documents.file_path AS documents_file_path, documents.file_hash AS documents_file_hash, documents.file_size_bytes AS documents_file_size_bytes, documents.page_count AS documents_page_count, documents.download_date AS documents_download_date, documents.download_success AS documents_download_success, documents.download_error AS documents_download_error, documents.source_url AS documents_source_url, documents.created_at AS documents_created_at, documents.updated_at AS documents_updated_at 
FROM documents 
WHERE documents.file_path = %(file_path_1)s 
 LIMIT %(param_1)s]
[parameters: {'file_path_1': '/home/gusrodgs/Gus/cienciaDeDados/phdMutley/pdfs/first_processing_batch/plan-b-earth-and-others-v-prime-minister_c6834502d9f262036de6b22123356f6e.pdf', 'param_1': 1}]
(Background on this error at: https://sqlalche.me/e/20/f405)
2025-10-31 19:11:49,480 - __main__ - ERROR - Error processing mathur-et-al-v-her-majesty-the-queen-in-right-of-ontario_45fc0e8e2e5f45d941b3e85e7b2c25ea.pdf: (psycopg2.errors.UndefinedColumn) column documents.file_path does not exist
LINE 1: ...cuments.document_type AS documents_document_type, documents....
                                                             ^

[SQL: SELECT documents.document_id AS documents_document_id, documents.case_id AS documents_case_id, documents.document_type AS documents_document_type, documents.file_path AS documents_file_path, documents.file_hash AS documents_file_hash, documents.file_size_bytes AS documents_file_size_bytes, documents.page_count AS documents_page_count, documents.download_date AS documents_download_date, documents.download_success AS documents_download_success, documents.download_error AS documents_download_error, documents.source_url AS documents_source_url, documents.created_at AS documents_created_at, documents.updated_at AS documents_updated_at 
FROM documents 
WHERE documents.file_path = %(file_path_1)s 
 LIMIT %(param_1)s]
[parameters: {'file_path_1': '/home/gusrodgs/Gus/cienciaDeDados/phdMutley/pdfs/first_processing_batch/mathur-et-al-v-her-majesty-the-queen-in-right-of-ontario_45fc0e8e2e5f45d941b3e85e7b2c25ea.pdf', 'param_1': 1}]
(Background on this error at: https://sqlalche.me/e/20/f405)
2025-10-31 19:11:49,482 - __main__ - ERROR - Error processing greenpeace-nordic-assn-v-ministry-of-petroleum-and-energy-people-v-arctic-oil_c4546edcd30d144ba35805a6ce08fe26.pdf: (psycopg2.errors.UndefinedColumn) column documents.file_path does not exist
LINE 1: ...cuments.document_type AS documents_document_type, documents....
                                                             ^

[SQL: SELECT documents.document_id AS documents_document_id, documents.case_id AS documents_case_id, documents.document_type AS documents_document_type, documents.file_path AS documents_file_path, documents.file_hash AS documents_file_hash, documents.file_size_bytes AS documents_file_size_bytes, documents.page_count AS documents_page_count, documents.download_date AS documents_download_date, documents.download_success AS documents_download_success, documents.download_error AS documents_download_error, documents.source_url AS documents_source_url, documents.created_at AS documents_created_at, documents.updated_at AS documents_updated_at 
FROM documents 
WHERE documents.file_path = %(file_path_1)s 
 LIMIT %(param_1)s]
[parameters: {'file_path_1': '/home/gusrodgs/Gus/cienciaDeDados/phdMutley/pdfs/first_processing_batch/greenpeace-nordic-assn-v-ministry-of-petroleum-and-energy-people-v-arctic-oil_c4546edcd30d144ba35805a6ce08fe26.pdf', 'param_1': 1}]
(Background on this error at: https://sqlalche.me/e/20/f405)
2025-10-31 19:11:49,484 - __main__ - ERROR - Error processing thomson-v-minister-for-climate-change-issues_d2d9bebac91a8d4459fe50ee6b7083b8.pdf: (psycopg2.errors.UndefinedColumn) column documents.file_path does not exist
LINE 1: ...cuments.document_type AS documents_document_type, documents....
                                                             ^

[SQL: SELECT documents.document_id AS documents_document_id, documents.case_id AS documents_case_id, documents.document_type AS documents_document_type, documents.file_path AS documents_file_path, documents.file_hash AS documents_file_hash, documents.file_size_bytes AS documents_file_size_bytes, documents.page_count AS documents_page_count, documents.download_date AS documents_download_date, documents.download_success AS documents_download_success, documents.download_error AS documents_download_error, documents.source_url AS documents_source_url, documents.created_at AS documents_created_at, documents.updated_at AS documents_updated_at 
FROM documents 
WHERE documents.file_path = %(file_path_1)s 
 LIMIT %(param_1)s]
[parameters: {'file_path_1': '/home/gusrodgs/Gus/cienciaDeDados/phdMutley/pdfs/first_processing_batch/thomson-v-minister-for-climate-change-issues_d2d9bebac91a8d4459fe50ee6b7083b8.pdf', 'param_1': 1}]
(Background on this error at: https://sqlalche.me/e/20/f405)
2025-10-31 19:11:49,486 - __main__ - ERROR - Error processing r-finch-on-behalf-of-the-weald-action-group-others-v-surrey-county-council-others_2ffb059f21da4f10ea84d5d3fafccb78.pdf: (psycopg2.errors.UndefinedColumn) column documents.file_path does not exist
LINE 1: ...cuments.document_type AS documents_document_type, documents....
                                                             ^

[SQL: SELECT documents.document_id AS documents_document_id, documents.case_id AS documents_case_id, documents.document_type AS documents_document_type, documents.file_path AS documents_file_path, documents.file_hash AS documents_file_hash, documents.file_size_bytes AS documents_file_size_bytes, documents.page_count AS documents_page_count, documents.download_date AS documents_download_date, documents.download_success AS documents_download_success, documents.download_error AS documents_download_error, documents.source_url AS documents_source_url, documents.created_at AS documents_created_at, documents.updated_at AS documents_updated_at 
FROM documents 
WHERE documents.file_path = %(file_path_1)s 
 LIMIT %(param_1)s]
[parameters: {'file_path_1': '/home/gusrodgs/Gus/cienciaDeDados/phdMutley/pdfs/first_processing_batch/r-finch-on-behalf-of-the-weald-action-group-others-v-surrey-county-council-others_2ffb059f21da4f10ea84d5d3fafccb78.pdf', 'param_1': 1}]
(Background on this error at: https://sqlalche.me/e/20/f405)
2025-10-31 19:11:49,487 - __main__ - INFO - 
======================================================================
2025-10-31 19:11:49,487 - __main__ - INFO - PROCESSING COMPLETE - SUMMARY
2025-10-31 19:11:49,487 - __main__ - INFO - ======================================================================
2025-10-31 19:11:49,487 - __main__ - INFO - Total files found:           6
2025-10-31 19:11:49,487 - __main__ - INFO - Already processed (skipped): 0
2025-10-31 19:11:49,488 - __main__ - INFO - Newly processed:             0
2025-10-31 19:11:49,488 - __main__ - INFO - Successful extractions:      0
2025-10-31 19:11:49,488 - __main__ - INFO - Failed extractions:          6
2025-10-31 19:11:49,488 - __main__ - INFO - Scanned documents detected:  0
2025-10-31 19:11:49,488 - __main__ - INFO - 
2025-10-31 19:11:49,488 - __main__ - INFO - Quality Distribution:
2025-10-31 19:11:49,488 - __main__ - INFO -   Excellent: 0
2025-10-31 19:11:49,488 - __main__ - INFO -   Good:      0
2025-10-31 19:11:49,488 - __main__ - INFO -   Fair:      0
2025-10-31 19:11:49,488 - __main__ - INFO -   Poor:      0
2025-10-31 19:11:49,488 - __main__ - INFO - ======================================================================
2025-10-31 19:11:49,488 - __main__ - INFO - 
Log file saved to: logs/pdf_processing_20251031_191149.log
